<?xml version="1.0" encoding="UTF-8"?>
<!-- Generated by org.testng.reporters.JUnitReportReporter -->
<testsuite hostname="LAPTOP-6R835KQL" failures="0" tests="3" name="Com.TestScripts.Dataprovider" time="33.742" errors="0" timestamp="2020-08-04T11:33:31 IST" skipped="0">
  <testcase classname="Com.TestScripts.Dataprovider" name="login_logout" time="10.611"/>
  <system-out/>
  <testcase classname="Com.TestScripts.Dataprovider" name="login_logout" time="13.289"/>
  <system-out/>
  <testcase classname="Com.TestScripts.Dataprovider" name="login_logout" time="9.842"/>
  <system-out/>
</testsuite> <!-- Com.TestScripts.Dataprovider -->
