<?xml version="1.0" encoding="UTF-8"?>
<!-- Generated by org.testng.reporters.JUnitReportReporter -->
<testsuite hostname="LAPTOP-6R835KQL" failures="0" tests="3" name="Com.TestScripts.Test2" time="39.375" errors="0" timestamp="2020-08-04T11:21:39 IST" skipped="0">
  <testcase classname="Com.TestScripts.Test2" name="login_logout" time="17.865"/>
  <system-out/>
  <testcase classname="Com.TestScripts.Test2" name="login_logout" time="10.223"/>
  <system-out/>
  <testcase classname="Com.TestScripts.Test2" name="login_logout" time="11.287"/>
  <system-out/>
</testsuite> <!-- Com.TestScripts.Test2 -->
