<?xml version="1.0" encoding="UTF-8"?>
<!-- Generated by org.testng.reporters.JUnitReportReporter -->
<testsuite hostname="LAPTOP-6R835KQL" failures="0" tests="1" name="Com.TestScripts.hemanth" time="18.141" errors="0" timestamp="2020-07-28T23:25:55 IST" skipped="0">
  <testcase classname="Com.TestScripts.hemanth" name="openbrowser" time="18.141"/>
  <system-out/>
</testsuite> <!-- Com.TestScripts.hemanth -->
