<?xml version="1.0" encoding="UTF-8"?>
<!-- Generated by org.testng.reporters.JUnitReportReporter -->
<testsuite hostname="LAPTOP-6R835KQL" failures="0" tests="1" name="Com.TestScripts.LoginTest" time="4.244" errors="0" timestamp="2020-07-29T21:34:58 IST" skipped="0">
  <testcase classname="Com.TestScripts.LoginTest" name="sucess" time="4.244"/>
  <system-out/>
</testsuite> <!-- Com.TestScripts.LoginTest -->
